jsw

It was created by libmpsse configure 1.1, which was
generated by GNU Autoconf 2.65.  Invocation command line was

  $ /Users/jiaoshouwu/Project/libmpsse-1.1 2/src/configure 

## --------- ##
## Platform. ##
## --------- ##

hostname = lees-macbook-pr.ftdi.local
uname -m = x86_64
uname -r = 11.3.0
uname -s = Darwin
uname -v = Darwin Kernel Version 11.3.0: Thu Jan 12 18:47:41 PST 2012; root:xnu-1699.24.23~1/RELEASE_X86_64

/usr/bin/uname -p = i386
/bin/uname -X     = unknown

/bin/arch              = unknown
/usr/bin/arch -k       = unknown
/usr/convex/getsysinfo = unknown
/usr/bin/hostinfo      = Mach kernel version:
	 Darwin Kernel Version 11.3.0: Thu Jan 12 18:47:41 PST 2012; root:xnu-1699.24.23~1/RELEASE_X86_64
Kernel configured for up to 4 processors.
2 processors are physically available.
4 processors are logically available.
Processor type: i486 (Intel 80486)
Processors active: 0 1 2 3
Primary memory available: 8.00 gigabytes
Default processor set: 114 tasks, 618 threads, 4 processors
Load average: 1.34, Mach factor: 2.65
/bin/machine           = unknown
/usr/bin/oslevel       = unknown
/bin/universe          = unknown

PATH: /opt/local/bin
PATH: /opt/local/sbin
PATH: /usr/bin
PATH: /bin
PATH: /usr/sbin
PATH: /sbin
PATH: /usr/local/bin
PATH: /usr/X11/bin
PATH: /usr/local/git/bin


## ----------- ##
## Core tests. ##
## ----------- ##

configure:2169: checking for gcc
configure:2185: found /usr/bin/gcc
configure:2196: result: gcc
configure:2425: checking for C compiler version
configure:2434: gcc --version >&5
i686-apple-darwin11-llvm-gcc-4.2 (GCC) 4.2.1 (Based on Apple Inc. build 5658) (LLVM build 2336.1.00)
Copyright (C) 2007 Free Software Foundation, Inc.
This is free software; see the source for copying conditions.  There is NO
warranty; not even for MERCHANTABILITY or FITNESS FOR A PARTICULAR PURPOSE.

configure:2445: $? = 0
configure:2434: gcc -v >&5
Using built-in specs.
Target: i686-apple-darwin11
Configured with: /private/var/tmp/llvmgcc42/llvmgcc42-2336.1~1/src/configure --disable-checking --enable-werror --prefix=/Developer/usr/llvm-gcc-4.2 --mandir=/share/man --enable-languages=c,objc,c++,obj-c++ --program-prefix=llvm- --program-transform-name=/^[cg][^.-]*$/s/$/-4.2/ --with-slibdir=/usr/lib --build=i686-apple-darwin11 --enable-llvm=/private/var/tmp/llvmgcc42/llvmgcc42-2336.1~1/dst-llvmCore/Developer/usr/local --program-prefix=i686-apple-darwin11- --host=x86_64-apple-darwin11 --target=i686-apple-darwin11 --with-gxx-include-dir=/usr/include/c++/4.2.1
Thread model: posix
gcc version 4.2.1 (Based on Apple Inc. build 5658) (LLVM build 2336.1.00)
configure:2445: $? = 0
configure:2434: gcc -V >&5
llvm-gcc-4.2: argument to `-V' is missing
configure:2445: $? = 1
configure:2434: gcc -qversion >&5
i686-apple-darwin11-llvm-gcc-4.2: no input files
configure:2445: $? = 1
configure:2465: checking whether the C compiler works
configure:2487: gcc    conftest.c  >&5
configure:2491: $? = 0
configure:2540: result: yes
configure:2543: checking for C compiler default output file name
configure:2545: result: a.out
configure:2551: checking for suffix of executables
configure:2558: gcc -o conftest    conftest.c  >&5
configure:2562: $? = 0
configure:2584: result: 
configure:2606: checking whether we are cross compiling
configure:2614: gcc -o conftest    conftest.c  >&5
configure:2618: $? = 0
configure:2625: ./conftest
configure:2629: $? = 0
configure:2644: result: no
configure:2649: checking for suffix of object files
configure:2671: gcc -c   conftest.c >&5
configure:2675: $? = 0
configure:2696: result: o
configure:2700: checking whether we are using the GNU C compiler
configure:2719: gcc -c   conftest.c >&5
configure:2719: $? = 0
configure:2728: result: yes
configure:2737: checking whether gcc accepts -g
configure:2757: gcc -c -g  conftest.c >&5
configure:2757: $? = 0
configure:2798: result: yes
configure:2815: checking for gcc option to accept ISO C89
configure:2879: gcc  -c -g -O2  conftest.c >&5
configure:2879: $? = 0
configure:2892: result: none needed
configure:2925: checking how to run the C preprocessor
configure:2956: gcc -E  conftest.c
configure:2956: $? = 0
configure:2970: gcc -E  conftest.c
conftest.c:9:28: error: ac_nonexistent.h: No such file or directory
configure:2970: $? = 1
configure: failed program was:
| /* confdefs.h */
| #define PACKAGE_NAME "libmpsse"
| #define PACKAGE_TARNAME "libmpsse"
| #define PACKAGE_VERSION "1.1"
| #define PACKAGE_STRING "libmpsse 1.1"
| #define PACKAGE_BUGREPORT "http://libmpsse.googlecode.com"
| #define PACKAGE_URL ""
| /* end confdefs.h.  */
| #include <ac_nonexistent.h>
configure:2995: result: gcc -E
configure:3015: gcc -E  conftest.c
configure:3015: $? = 0
configure:3029: gcc -E  conftest.c
conftest.c:9:28: error: ac_nonexistent.h: No such file or directory
configure:3029: $? = 1
configure: failed program was:
| /* confdefs.h */
| #define PACKAGE_NAME "libmpsse"
| #define PACKAGE_TARNAME "libmpsse"
| #define PACKAGE_VERSION "1.1"
| #define PACKAGE_STRING "libmpsse 1.1"
| #define PACKAGE_BUGREPORT "http://libmpsse.googlecode.com"
| #define PACKAGE_URL ""
| /* end confdefs.h.  */
| #include <ac_nonexistent.h>
configure:3058: checking for grep that handles long lines and -e
configure:3116: result: /usr/bin/grep
configure:3121: checking for egrep
configure:3183: result: /usr/bin/grep -E
configure:3188: checking for ANSI C header files
configure:3208: gcc -c -g -O2  conftest.c >&5
configure:3208: $? = 0
configure:3281: gcc -o conftest -g -O2   conftest.c  >&5
configure:3281: $? = 0
configure:3281: ./conftest
configure:3281: $? = 0
configure:3292: result: yes
configure:3305: checking for sys/types.h
configure:3305: gcc -c -g -O2  conftest.c >&5
configure:3305: $? = 0
configure:3305: result: yes
configure:3305: checking for sys/stat.h
configure:3305: gcc -c -g -O2  conftest.c >&5
configure:3305: $? = 0
configure:3305: result: yes
configure:3305: checking for stdlib.h
configure:3305: gcc -c -g -O2  conftest.c >&5
configure:3305: $? = 0
configure:3305: result: yes
configure:3305: checking for string.h
configure:3305: gcc -c -g -O2  conftest.c >&5
configure:3305: $? = 0
configure:3305: result: yes
configure:3305: checking for memory.h
configure:3305: gcc -c -g -O2  conftest.c >&5
configure:3305: $? = 0
configure:3305: result: yes
configure:3305: checking for strings.h
configure:3305: gcc -c -g -O2  conftest.c >&5
configure:3305: $? = 0
configure:3305: result: yes
configure:3305: checking for inttypes.h
configure:3305: gcc -c -g -O2  conftest.c >&5
configure:3305: $? = 0
configure:3305: result: yes
configure:3305: checking for stdint.h
configure:3305: gcc -c -g -O2  conftest.c >&5
configure:3305: $? = 0
configure:3305: result: yes
configure:3305: checking for unistd.h
configure:3305: gcc -c -g -O2  conftest.c >&5
configure:3305: $? = 0
configure:3305: result: yes
configure:3318: checking for size_t
configure:3318: gcc -c -g -O2  conftest.c >&5
configure:3318: $? = 0
configure:3318: gcc -c -g -O2  conftest.c >&5
conftest.c: In function 'main':
conftest.c:55: error: expected expression before ')' token
configure:3318: $? = 1
configure: failed program was:
| /* confdefs.h */
| #define PACKAGE_NAME "libmpsse"
| #define PACKAGE_TARNAME "libmpsse"
| #define PACKAGE_VERSION "1.1"
| #define PACKAGE_STRING "libmpsse 1.1"
| #define PACKAGE_BUGREPORT "http://libmpsse.googlecode.com"
| #define PACKAGE_URL ""
| #define STDC_HEADERS 1
| #define HAVE_SYS_TYPES_H 1
| #define HAVE_SYS_STAT_H 1
| #define HAVE_STDLIB_H 1
| #define HAVE_STRING_H 1
| #define HAVE_MEMORY_H 1
| #define HAVE_STRINGS_H 1
| #define HAVE_INTTYPES_H 1
| #define HAVE_STDINT_H 1
| #define HAVE_UNISTD_H 1
| /* end confdefs.h.  */
| #include <stdio.h>
| #ifdef HAVE_SYS_TYPES_H
| # include <sys/types.h>
| #endif
| #ifdef HAVE_SYS_STAT_H
| # include <sys/stat.h>
| #endif
| #ifdef STDC_HEADERS
| # include <stdlib.h>
| # include <stddef.h>
| #else
| # ifdef HAVE_STDLIB_H
| #  include <stdlib.h>
| # endif
| #endif
| #ifdef HAVE_STRING_H
| # if !defined STDC_HEADERS && defined HAVE_MEMORY_H
| #  include <memory.h>
| # endif
| # include <string.h>
| #endif
| #ifdef HAVE_STRINGS_H
| # include <strings.h>
| #endif
| #ifdef HAVE_INTTYPES_H
| # include <inttypes.h>
| #endif
| #ifdef HAVE_STDINT_H
| # include <stdint.h>
| #endif
| #ifdef HAVE_UNISTD_H
| # include <unistd.h>
| #endif
| int
| main ()
| {
| if (sizeof ((size_t)))
| 	    return 0;
|   ;
|   return 0;
| }
configure:3318: result: yes
configure:3331: checking for stdlib.h
configure:3331: result: yes
configure:3341: checking for GNU libc compatible malloc
configure:3365: gcc -o conftest -g -O2   conftest.c  >&5
configure:3365: $? = 0
configure:3365: ./conftest
configure:3365: $? = 0
configure:3375: result: yes
configure:3403: checking for malloc
configure:3403: gcc -o conftest -Wall -fPIC -fno-strict-aliasing -g -O2  -lftdi  conftest.c  >&5
conftest.c:44: warning: conflicting types for built-in function 'malloc'
ld: library not found for -lftdi
collect2: ld returned 1 exit status
configure:3403: $? = 1
configure: failed program was:
| /* confdefs.h */
| #define PACKAGE_NAME "libmpsse"
| #define PACKAGE_TARNAME "libmpsse"
| #define PACKAGE_VERSION "1.1"
| #define PACKAGE_STRING "libmpsse 1.1"
| #define PACKAGE_BUGREPORT "http://libmpsse.googlecode.com"
| #define PACKAGE_URL ""
| #define STDC_HEADERS 1
| #define HAVE_SYS_TYPES_H 1
| #define HAVE_SYS_STAT_H 1
| #define HAVE_STDLIB_H 1
| #define HAVE_STRING_H 1
| #define HAVE_MEMORY_H 1
| #define HAVE_STRINGS_H 1
| #define HAVE_INTTYPES_H 1
| #define HAVE_STDINT_H 1
| #define HAVE_UNISTD_H 1
| #define HAVE_STDLIB_H 1
| #define HAVE_MALLOC 1
| /* end confdefs.h.  */
| /* Define malloc to an innocuous variant, in case <limits.h> declares malloc.
|    For example, HP-UX 11i <limits.h> declares gettimeofday.  */
| #define malloc innocuous_malloc
| 
| /* System header to define __stub macros and hopefully few prototypes,
|     which can conflict with char malloc (); below.
|     Prefer <limits.h> to <assert.h> if __STDC__ is defined, since
|     <limits.h> exists even on freestanding compilers.  */
| 
| #ifdef __STDC__
| # include <limits.h>
| #else
| # include <assert.h>
| #endif
| 
| #undef malloc
| 
| /* Override any GCC internal prototype to avoid an error.
|    Use char because int might match the return type of a GCC
|    builtin and then its argument prototype would still apply.  */
| #ifdef __cplusplus
| extern "C"
| #endif
| char malloc ();
| /* The GNU C library defines this for functions which it implements
|     to always fail with ENOSYS.  Some functions are actually named
|     something starting with __ and the normal name is an alias.  */
| #if defined __stub_malloc || defined __stub___malloc
| choke me
| #endif
| 
| int
| main ()
| {
| return malloc ();
|   ;
|   return 0;
| }
configure:3403: result: no
configure:3411: error: "missing standard functions"

## ---------------- ##
## Cache variables. ##
## ---------------- ##

ac_cv_c_compiler_gnu=yes
ac_cv_env_CC_set=
ac_cv_env_CC_value=
ac_cv_env_CFLAGS_set=
ac_cv_env_CFLAGS_value=
ac_cv_env_CPPFLAGS_set=
ac_cv_env_CPPFLAGS_value=
ac_cv_env_CPP_set=
ac_cv_env_CPP_value=
ac_cv_env_LDFLAGS_set=
ac_cv_env_LDFLAGS_value=
ac_cv_env_LIBS_set=
ac_cv_env_LIBS_value=
ac_cv_env_build_alias_set=
ac_cv_env_build_alias_value=
ac_cv_env_host_alias_set=
ac_cv_env_host_alias_value=
ac_cv_env_target_alias_set=
ac_cv_env_target_alias_value=
ac_cv_func_malloc=no
ac_cv_func_malloc_0_nonnull=yes
ac_cv_header_inttypes_h=yes
ac_cv_header_memory_h=yes
ac_cv_header_stdc=yes
ac_cv_header_stdint_h=yes
ac_cv_header_stdlib_h=yes
ac_cv_header_string_h=yes
ac_cv_header_strings_h=yes
ac_cv_header_sys_stat_h=yes
ac_cv_header_sys_types_h=yes
ac_cv_header_unistd_h=yes
ac_cv_objext=o
ac_cv_path_EGREP='/usr/bin/grep -E'
ac_cv_path_GREP=/usr/bin/grep
ac_cv_prog_CPP='gcc -E'
ac_cv_prog_ac_ct_CC=gcc
ac_cv_prog_cc_c89=
ac_cv_prog_cc_g=yes
ac_cv_type_size_t=yes

## ----------------- ##
## Output variables. ##
## ----------------- ##

CC='gcc'
CFLAGS='-Wall -fPIC -fno-strict-aliasing -g -O2'
CPP='gcc -E'
CPPFLAGS=''
DEFS=''
ECHO_C='\c'
ECHO_N=''
ECHO_T=''
EGREP='/usr/bin/grep -E'
EXEEXT=''
FRAMEWORK=''
GREP='/usr/bin/grep'
LDFLAGS='-lftdi '
LIBOBJS=''
LIBS=''
LTLIBOBJS=''
OBJEXT='o'
PACKAGE_BUGREPORT='http://libmpsse.googlecode.com'
PACKAGE_NAME='libmpsse'
PACKAGE_STRING='libmpsse 1.1'
PACKAGE_TARNAME='libmpsse'
PACKAGE_URL=''
PACKAGE_VERSION='1.1'
PATH_SEPARATOR=':'
PYDEV=''
PYLIB=''
SHELL='/bin/sh'
SONAME=''
SWIG=''
ac_ct_CC='gcc'
bindir='${exec_prefix}/bin'
build_alias=''
datadir='${datarootdir}'
datarootdir='${prefix}/share'
docdir='${datarootdir}/doc/${PACKAGE_TARNAME}'
dvidir='${docdir}'
exec_prefix='NONE'
host_alias=''
htmldir='${docdir}'
includedir='${prefix}/include'
infodir='${datarootdir}/info'
libdir='${exec_prefix}/lib'
libexecdir='${exec_prefix}/libexec'
localedir='${datarootdir}/locale'
localstatedir='${prefix}/var'
mandir='${datarootdir}/man'
oldincludedir='/usr/include'
pdfdir='${docdir}'
prefix='NONE'
program_transform_name='s,x,x,'
psdir='${docdir}'
sbindir='${exec_prefix}/sbin'
sharedstatedir='${prefix}/com'
sysconfdir='${prefix}/etc'
target_alias=''

## ----------- ##
## confdefs.h. ##
## ----------- ##

/* confdefs.h */
#define PACKAGE_NAME "libmpsse"
#define PACKAGE_TARNAME "libmpsse"
#define PACKAGE_VERSION "1.1"
#define PACKAGE_STRING "libmpsse 1.1"
#define PACKAGE_BUGREPORT "http://libmpsse.googlecode.com"
#define PACKAGE_URL ""
#define STDC_HEADERS 1
#define HAVE_SYS_TYPES_H 1
#define HAVE_SYS_STAT_H 1
#define HAVE_STDLIB_H 1
#define HAVE_STRING_H 1
#define HAVE_MEMORY_H 1
#define HAVE_STRINGS_H 1
#define HAVE_INTTYPES_H 1
#define HAVE_STDINT_H 1
#define HAVE_UNISTD_H 1
#define HAVE_STDLIB_H 1
#define HAVE_MALLOC 1

configure: exit 1
